{"level":"info","message":"Receiving Authentiction request for user kk","timestamp":"16:28:03"}
{"level":"info","message":"Receiving Authentiction request for user kk","timestamp":"16:28:13"}
{"level":"info","message":"Receiving Authentiction request for user kk","timestamp":"16:36:20"}
{"level":"info","message":"Receiving Authentiction request for user ibusr@testfbe.com","timestamp":"16:36:52"}
{"level":"info","message":"Receiving Authentiction request for user ibusr@testfbe.com","timestamp":"16:36:52"}
{"level":"info","message":"Receiving Authentiction request for user ibusr@testfbe.com","timestamp":"16:36:55"}
{"level":"info","message":"Receiving Authentiction request for user ibusr@testfbe.com","timestamp":"16:37:03"}
{"level":"info","message":"Receiving Authentiction request for user ibusr@testfbe.com","timestamp":"16:37:05"}
{"level":"info","message":"Receiving Authentiction request for user ibusr@testfbe.com","timestamp":"16:37:05"}
{"level":"info","message":"Receiving Authentiction request for user ibusr@testfbe.com","timestamp":"16:37:17"}
{"level":"info","message":"Receiving Authentiction request for user ibusr@testfbe.com","timestamp":"16:37:25"}
{"level":"info","message":"Receiving Authentiction request for user ibusr@testfbe.com","timestamp":"16:37:47"}
{"level":"info","message":"Receiving Authentiction request for user ibusr@testfbe.com","timestamp":"16:41:25"}
{"level":"info","message":"Receiving Authentiction request for user ibusr@testfbe.com","timestamp":"16:41:44"}
{"level":"info","message":"Receiving Authentiction request for user ibusr@testfbe.com","timestamp":"16:42:12"}
{"level":"info","message":"Receiving Authentiction request for user ibusr@testfbe.com","timestamp":"16:44:01"}
{"level":"info","message":"Receiving Authentiction request for user ibusr@testfbe.com","timestamp":"16:44:51"}
{"level":"info","message":"Receiving Authentiction request for user ibusr@testfbe.com","timestamp":"16:44:53"}
{"level":"info","message":"Receiving Authentiction request for user ibusr@testfbe.com","timestamp":"16:44:53"}
{"level":"info","message":"Receiving Authentiction request for user ibusr@testfbe.com","timestamp":"16:44:53"}
{"level":"info","message":"Receiving Authentiction request for user ibusr@testfbe.com","timestamp":"16:46:07"}
{"level":"info","message":"Receiving Authentiction request for user ibusr@testfbe.com","timestamp":"16:46:25"}
{"level":"info","message":"Receiving Authentiction request for user ibusr@testfbe.com","timestamp":"16:46:41"}
{"level":"info","message":"Receiving Authentiction request for user ibusr@testfbe.com","timestamp":"16:46:42"}
{"level":"info","message":"Receiving Authentiction request for user ibusr@testfbe.com","timestamp":"16:46:43"}
{"level":"info","message":"Receiving Authentiction request for user ibusr@testfbe.com","timestamp":"16:46:43"}
{"level":"info","message":"Receiving Authentiction request for user ibusr@testfbe.com","timestamp":"16:46:43"}
{"level":"info","message":"Receiving Authentiction request for user ibusr@testfbe.com","timestamp":"16:46:43"}
{"level":"info","message":"Receiving Authentiction request for user ibusr@testfbe.com","timestamp":"16:46:43"}
{"level":"info","message":"Receiving Authentiction request for user ibusr@testfbe.com","timestamp":"16:46:43"}
{"level":"info","message":"Receiving Authentiction request for user ibusr@testfbe.com","timestamp":"16:47:15"}
{"level":"info","message":"Receiving Authentiction request for user ibusr@testfbe.com","timestamp":"16:48:43"}
{"level":"info","message":"Receiving Authentiction request for user ibusr@testfbe.com","timestamp":"16:50:29"}
{"level":"info","message":"Receiving Authentiction request for user ibusr@testfbe.com","timestamp":"16:52:45"}
{"level":"info","message":"Receiving Authentiction request for user ibusr@testfbe.com","timestamp":"16:54:48"}
{"level":"info","message":"Receiving Authentiction request for user ibusr@testfbe.com","timestamp":"16:56:02"}
{"level":"info","message":"Receiving Authentiction request for user ibusr@testfbe.com","timestamp":"16:59:10"}
{"level":"info","message":"Receiving Authentiction request for user mario","timestamp":"07:37:59"}
{"level":"info","message":"Receiving Authentiction request for user ibtst2@testfbe.com","timestamp":"07:38:56"}
{"level":"info","message":"Receiving Authentiction request for user ibtst2@testfbe.com","timestamp":"07:41:50"}
{"level":"info","message":"Receiving Authentiction request for user undefined","timestamp":"15:29:15"}
{"level":"info","message":"Receiving Authentiction request for user ibtst3@testfbe.com","timestamp":"15:31:25"}
{"level":"info","message":"Receiving Authentiction request for user ibtst3@testfbe.com","timestamp":"15:32:44"}
{"level":"info","message":"Receiving Authentiction request for user ibtst3@testfbe.com","timestamp":"15:34:39"}
{"level":"info","message":"Receiving Authentiction request for user ibtst@testfbe.com","timestamp":"15:40:03"}
{"level":"info","message":"Receiving Authentiction request for user ibtst3@testfbe.com","timestamp":"16:00:43"}
{"level":"info","message":"Receiving Authentiction request for user ibtst3@testfbe.com","timestamp":"16:02:07"}
{"level":"info","message":"Receiving Authentiction request for user ibtst3@testfbe.com","timestamp":"16:05:07"}
{"level":"info","message":"Receiving Authentiction request for user ibtst3","timestamp":"16:05:24"}
{"level":"info","message":"Receiving Authentiction request for user ibtst2@testfbe.com","timestamp":"16:05:41"}
{"level":"info","message":"Receiving Authentiction request for user ibtst3@testfbe.com","timestamp":"16:07:54"}
{"level":"info","message":"Receiving Authentiction request for user ibtst3@testfbe.com","timestamp":"16:09:36"}
{"level":"info","message":"Receiving Authentiction request for user ibtst3@testfbe.com","timestamp":"16:18:48"}
{"level":"info","message":"Receiving Authentiction request for user ibtst3@testfbe.com","timestamp":"16:22:37"}
{"level":"info","message":"Receiving Authentiction request for user ibtst3@testfbe.com","timestamp":"16:35:00"}
{"level":"info","message":"Receiving Authentiction request for user ibtst3@testfbe.com","timestamp":"16:48:37"}
{"level":"info","message":"Receiving Authentiction request for user ibtst3@testfbe.com","timestamp":"16:53:34"}
{"level":"info","message":"Receiving Authentiction request for user ibtst3@testfbe.com","timestamp":"16:53:54"}
{"level":"info","message":"Receiving Authentiction request for user ibtst3@testfbe.com","timestamp":"16:55:39"}
{"level":"info","message":"Receiving Authentiction request for user ibtst3@testfbe.com","timestamp":"16:55:51"}
{"level":"info","message":"Receiving Authentiction request for user ibtst3@testfbe.com","timestamp":"16:56:09"}
{"level":"info","message":"Receiving Authentiction request for user ibtst3@testfbe.com","timestamp":"17:35:44"}
{"level":"info","message":"Receiving Authentiction request for user ibtst3@testfbe.com","timestamp":"17:37:42"}
{"level":"info","message":"Receiving Authentiction request for user ibtst3@testfbe.com","timestamp":"17:38:22"}
{"level":"info","message":"Receiving Authentiction request for user ibtst3@testfbe.com","timestamp":"17:41:54"}
{"level":"info","message":"Receiving Authentiction request for user ibtst3@testfbe.com","timestamp":"17:44:27"}
{"level":"info","message":"Receiving Authentiction request for user ibtst3@testfbe.com","timestamp":"17:45:26"}
{"level":"info","message":"Receiving Authentiction request for user ibtst3@testfbe.com","timestamp":"17:49:34"}
{"level":"info","message":"Receiving Authentiction request for user ibtst3@testfbe.com","timestamp":"17:49:45"}
{"level":"info","message":"Receiving Authentiction request for user ibtst3@testfbe.com","timestamp":"17:53:55"}
{"level":"info","message":"Receiving Authentiction request for user ibtst3@testfbe.com","timestamp":"17:56:38"}
{"level":"info","message":"Receiving Authentiction request for user ibtst3@testfbe.com","timestamp":"18:05:16"}
{"level":"info","message":"Receiving Authentiction request for user ibtst3@testfbe.com","timestamp":"18:08:19"}
{"level":"info","message":"Receiving Authentiction request for user ibtst3@testfbe.com","timestamp":"18:08:27"}
{"level":"info","message":"Receiving Authentiction request for user ibtst3@testfbe.com","timestamp":"18:08:31"}
{"level":"info","message":"Receiving Authentiction request for user ibtst3@testfbe.com","timestamp":"18:10:20"}
{"level":"info","message":"Receiving Authentiction request for user ibtst3@testfbe.com","timestamp":"18:10:28"}
{"level":"info","message":"Receiving Authentiction request for user ibtst3@testfbe.com","timestamp":"18:10:37"}
{"level":"info","message":"Receiving Authentiction request for user ibtst3@testfbe.com","timestamp":"18:10:47"}
